Paiement confirmé : pi_3TY046HpOS05TuxQ1lz1rHyX
Produit payé : ID=1 | SKU=118218 | Nom=test | Prix=1500 | Image=/pictures/Balenciaga/118218_1.png
Paiement OK : cs_test_a12idPu6cuqFgK0qrbTe0EOcjImbu3PKSued0O8mtfEnHIDnywjbWtmm54 | Total=1500€
Paiement confirmé : pi_3TY0zcHpOS05TuxQ0aAlvN32
Paiement OK : cs_test_a12U46wM9ZeJ9ovY7mozAeHaU8OsgjNGBbhHvcrZhpF73TcGdkAMFUjkCa | Total=1500€
Paiement OK : cs_test_a16oYPrmWNVFucv9JjpLDfnozuSZEp5ZJQMHt7PWIVWSGcCc7nmG57ejFf | Total=1500€
Paiement confirmé : pi_3TY0AUHpOS05TuxQ0IhOd2W6
Paiement confirmé : pi_3TY19OHpOS05TuxQ0Q4odPkZ
Produit payé : ID=7 | SKU=465456 | Nom=fs | Prix=654 | Image=/pictures/Comme des Garçons/465456_1.png
Paiement OK : cs_test_a1LPftqS6F9UhNRUiZaIgUpvim7SBDfX3KOzPv0RdPs4HJxWSzhgzLE6yg | Total=654€
Paiement confirmé : pi_3TY0H1HpOS05TuxQ1LSKELba
Paiement OK : cs_test_a1IGye5oFpVMDX0Z5woKXMCwTynLghW7n1YB8FnKCdL5qxX2wmL4SEfOyL | Total=1500€
Paiement confirmé : pi_3TY0NGHpOS05TuxQ0XXsILyH
Paiement OK : cs_test_a1AV02LpK8iLYLB8g5c8Td3fFJ9nLTy7bpEjMnLD9mCAjapytoyjvjfcd7 | Total=3500€
Paiement OK : cs_test_a1cKdRp7f6E8YG8f7Xg81q7o0vTBTZ5d9ivuaIMv169m9tISIsm09CvzHu | Total=1500€
Paiement OK : cs_test_a1dKpg2QM9tccWSI6IfWjgHP3qI7S21lulh6R0ddUShXU6YUytU49MRWHy | Total=1500€
Paiement OK : cs_test_a1Naz5zMrzPqQmmvUWChbHbBeU95BDONou3GyAVW0edWkrWl0hz1eeZp1P | Total=1500€
Paiement OK : cs_test_a1Fni0FR4MUlBOqJZHtmpNJyo2KQkMMxfP8SdSAlmgAIe10RT7PtEbPhHM | Total=1500€
Paiement OK : cs_test_a1UnYSGNB9VOGxGgWZjeesPd7iEI6TWnqFt1LsKjMBowJ978pvvgek18R8 | Total=1500€
Paiement OK : cs_test_a10WOhIf3ffy1g51BnIzNkBw9aUwSX8PA3seT2lBqupApjiy33CnEcsgvr | Total=1500€
Paiement OK : cs_test_a1EdXbiWdfDWiI4qN3tNzFO18i8iAYBjkh2AK2mj3jF4JrxzG0Thtwrtv0 | Total=1500€
Produit payé : ID=1 | SKU=118218 | Nom=test | Prix=1500 | Image=/pictures/Balenciaga/118218_1.png
Produit payé : ID=6 | SKU=TOTO | Nom=test | Prix=3500 | Image=/pictures/Camper/TOTO_1.png
Paiement confirmé : pi_3TY3t1HpOS05TuxQ0kweqgbr
Paiement OK : cs_test_b1PBKdoaiKRZeOqwEIX1oC72OJz40WBsTD9LpcoURkRxvN5M92J7MPwGks | Total=5000€
Paiement confirmé : pi_3TY40SHpOS05TuxQ0Z2ilwWT
Produit payé : ID=1 | SKU=118218 | Nom=test | Prix=1500 | Image=/pictures/Balenciaga/118218_1.png
Produit payé : ID=6 | SKU=TOTO | Nom=test | Prix=3500 | Image=/pictures/Camper/TOTO_1.png
Produit payé : ID=5 | SKU=MOH | Nom=Chaussures | Prix=360 | Image=/pictures/Maison Margiela/MOH_1.png
Paiement OK : cs_test_b1LGb3zKzyGloH10EXbc0pEufWQWDWC1JcBtWFxBKycvn9MolS3W1DA0Ta | Total=5360€
Paiement confirmé : pi_3TY6Q6HpOS05TuxQ0b9SMokw
Produit payé : ID=1 | SKU=118218 | Nom=test | Prix=1500 | Image=/pictures/Balenciaga/118218_1.png
Paiement OK : cs_test_a1mzHh0HRhn4FYKbJIAWlwephyZSJQnQY0VpvjGPZQRHe9FwmSKBvKwmAS | Total=1500€
Produit payé : ID=18 | SKU=2 | Nom=2 | Prix=200 | Image=/pictures/Comme des Garçons/2_1.webp
Paiement OK : cs_test_a1RPxhWExFheBxRjvQVy7dUltqITCvsHYYVOL6C5duQVu4Blot4VWKyUrG | Total=200€
Paiement confirmé : pi_3TYPY3HpOS05TuxQ1PNg1B00
Paiement confirmé : pi_3TYW7GHpOS05TuxQ1MuDRaxU
Produit payé : ID=18 | SKU=BC-CDG-02 | Nom=2 | Prix=200 | Image=/pictures/Comme des Garçons/2_1.webp
Paiement OK : cs_test_a1RcK8OBtyUDBcEuYx83sKKaS9GvMhQVSsJ6LT0UwIKqx1ZmEH3dyPTbse | Total=200€
Paiement confirmé : pi_3TYXhJHpOS05TuxQ1gSlwb4P
Produit payé : ID=17 | SKU=BC-CDG-01 | Nom=1 | Prix=200 | Image=/pictures/Comme des Garçons/1_1.webp
Paiement OK : cs_test_a1hwyoLT0JTh7l47Yuj00zDbasKoQkMbfZQHc4JAg6yHEBhi6PTxWJfruv | Total=200€
Paiement confirmé : pi_3TZTosHpOS05TuxQ1Gew3l2l
Produit payé : ID=17 | SKU=BC-CDG-01 | Nom=1 | Prix=200 | Image=/pictures/Comme des Garçons/1_1.webp
Paiement OK : cs_test_a1K3p2WsuoJAstlxaJt8OXCYP5jwmyPA7nlYh5o8gM3BWH2823kDJpcC03 | Total=200€
Paiement confirmé : pi_3TZXqYHpOS05TuxQ1WkQ2HxP
Produit payé : ID=70 | SKU=BC-Y3-05 | Nom=5 | Prix=190 | Image=/pictures/Y-3/BC-Y3-05_1.webp
Paiement OK : cs_test_a1HPngBeWo0FlX4YIPpvUweuLS8VeTn2QB82fO2m8iytolBdMlmlWRV2gB | Total=190€
Paiement confirmé : pi_3TZYWoHpOS05TuxQ0Ou0Y57J
Produit payé : ID=37 | SKU=BC-PRA-09 | Nom=09 | Prix=220 | Image=/pictures/Prada/BC-PRA-09_1.webp
Paiement OK : cs_test_a1668KRno5hCWZJ47Bc5BQHz34jfGLSse0yOVKBZ8QtqclTN2r9E2zRcEj | Total=220€
Paiement confirmé : pi_3TZc7THpOS05TuxQ1awmGnNk
Produit payé : ID=18 | SKU=BC-CDG-02 | Nom=2 | Prix=200 | Image=/pictures/Comme des Garçons/2_1.webp
Paiement OK : cs_test_a1OmLhHJq6nNhV4POWvR8v1wRZvPsrxjxyy5hUxhjs9SQFXouc3l6NHQRu | Total=200€
Produit payé : ID=18 | SKU=BC-CDG-02 | Nom=2 | Prix=200 | Image=/pictures/Comme des Garçons/2_1.webp
Paiement confirmé : pi_3TZcP8HpOS05TuxQ0zav74PA
Paiement OK : cs_test_a1nyrw3EMJ0KYmeCi0dyyM3UCasz2dNervWWRyt4Op0cPN7fwf78aVbIB0 | Total=200€
Paiement confirmé : pi_3TZzjQHpOS05TuxQ0EzRiUit
Produit payé : ID=23 | SKU=BC-CDG-07 | Nom=7 | Prix=150 | Image=/pictures/Comme des Garçons/BC-CDG-07_1.webp
Paiement OK : cs_test_a1NlkpyhLl1uhdMBkAvhYVZHWNmTAtM1w3zEbs0avXbjBUfSD3J4V2GTSf | Total=150€
Paiement confirmé : pi_3TaND2HpOS05TuxQ0zSOrhxv
Produit payé : ID=29 | SKU=BC-CDG-13 | Nom=13 | Prix=120 | Image=/pictures/Comme des Garçons/BC-CDG-13_1.webp
Paiement OK : cs_test_a1pArqYYtn13HXch67QRbIk4tBnqomgsRA5DW9Dh8wmZpRFHcEPP96xVNf | Total=120€
Produit payé : ID=78 | SKU=BC-JPG-01 | Nom=SS1994 Gaultier Jeans – Graffiti Print T-shirt | Prix=180 | Image=/pictures/Jean Paul Gaultier/BC-JPG-01_1.webp
Paiement OK : cs_test_a1XmzS2i9h5L8U13Ruezc7ieedgND5ROleIkm8Um17Z4Vi8yP9vcSRlhHo | Total=180€
Paiement confirmé : pi_3TbHWsHpOS05TuxQ1a3joRk7
Paiement confirmé : pi_3TdF11HpOS05TuxQ1xXBxs0E
Produit payé : ID=18 | SKU=BC-CDG-02 | Nom=SS2019 Comme des Garçons - Rose Tattoo Longsleeve | Prix=200 | Image=/pictures/Comme des Garçons/2_1.webp
Paiement OK : cs_test_a1YFjUGUkTJ6ZM8rz3Xhc0EYeL9t53Eh6Xn5vW54gsJnrFucUyuUvQ5zgj | Total=200€
